[0.590s] Invoking command in '/home/faraz/robotic/build/robot_estimation': PYTHONPATH=/home/faraz/robotic/build/robot_estimation/prefix_override:/usr/lib/python3/dist-packages/colcon_core/task/python/colcon_distutils_commands:/home/faraz/robotic/install/robot_estimation/lib/python3.10/site-packages:${PYTHONPATH} /usr/bin/python3 -W ignore:setup.py install is deprecated -W ignore:easy_install command is deprecated setup.py develop --editable --build-directory /home/faraz/robotic/build/robot_estimation/build --no-deps symlink_data
[0.837s] running develop
[0.998s] running egg_info
[0.998s] writing robot_estimation.egg-info/PKG-INFO
[0.998s] writing dependency_links to robot_estimation.egg-info/dependency_links.txt
[0.998s] writing entry points to robot_estimation.egg-info/entry_points.txt
[0.998s] writing requirements to robot_estimation.egg-info/requires.txt
[0.999s] writing top-level names to robot_estimation.egg-info/top_level.txt
[1.000s] reading manifest file 'robot_estimation.egg-info/SOURCES.txt'
[1.001s] writing manifest file 'robot_estimation.egg-info/SOURCES.txt'
[1.002s] running build_ext
[1.002s] Creating /home/faraz/robotic/install/robot_estimation/lib/python3.10/site-packages/robot-estimation.egg-link (link to .)
[1.003s] Installing complementary_filter_node script to /home/faraz/robotic/install/robot_estimation/lib/robot_estimation
[1.003s] Installing estimator_test_node script to /home/faraz/robotic/install/robot_estimation/lib/robot_estimation
[1.003s] Installing imu_filter_node script to /home/faraz/robotic/install/robot_estimation/lib/robot_estimation
[1.003s] Installing motor_controller_node script to /home/faraz/robotic/install/robot_estimation/lib/robot_estimation
[1.004s] Installing odometry_node script to /home/faraz/robotic/install/robot_estimation/lib/robot_estimation
[1.004s] 
[1.004s] Installed /home/faraz/robotic/build/robot_estimation
[1.004s] running symlink_data
[1.029s] Invoked command in '/home/faraz/robotic/build/robot_estimation' returned '0': PYTHONPATH=/home/faraz/robotic/build/robot_estimation/prefix_override:/usr/lib/python3/dist-packages/colcon_core/task/python/colcon_distutils_commands:/home/faraz/robotic/install/robot_estimation/lib/python3.10/site-packages:${PYTHONPATH} /usr/bin/python3 -W ignore:setup.py install is deprecated -W ignore:easy_install command is deprecated setup.py develop --editable --build-directory /home/faraz/robotic/build/robot_estimation/build --no-deps symlink_data
