[0.014s] Invoking command in '/home/faraz/robotic/build/robot_description': CMAKE_PREFIX_PATH=${CMAKE_PREFIX_PATH}:/home/faraz/robotic/install/robot_estimation:/opt/ros/humble /usr/local/bin/cmake /home/faraz/robotic/src/robot_description -DAMENT_CMAKE_SYMLINK_INSTALL=1 -DCMAKE_INSTALL_PREFIX=/home/faraz/robotic/install/robot_description
[0.060s] -- The C compiler identification is GNU 11.4.0
[0.116s] -- The CXX compiler identification is GNU 11.4.0
[0.127s] -- Detecting C compiler ABI info
[0.180s] -- Detecting C compiler ABI info - done
[0.199s] -- Check for working C compiler: /usr/bin/cc - skipped
[0.199s] -- Detecting C compile features
[0.200s] -- Detecting C compile features - done
[0.204s] -- Detecting CXX compiler ABI info
[0.270s] -- Detecting CXX compiler ABI info - done
[0.290s] -- Check for working CXX compiler: /usr/bin/c++ - skipped
[0.291s] -- Detecting CXX compile features
[0.292s] -- Detecting CXX compile features - done
[0.294s] -- Found ament_cmake: 1.3.12 (/opt/ros/humble/share/ament_cmake/cmake)
[0.438s] -- Found Python3: /usr/bin/python3 (found version "3.10.12") found components: Interpreter
[0.497s] -- Override CMake install command with custom implementation using symlinks instead of copying resources
[0.528s] -- Found rclcpp: 16.0.15 (/opt/ros/humble/share/rclcpp/cmake)
[0.581s] -- Found rosidl_generator_c: 3.1.7 (/opt/ros/humble/share/rosidl_generator_c/cmake)
[0.587s] -- Found rosidl_adapter: 3.1.7 (/opt/ros/humble/share/rosidl_adapter/cmake)
[0.598s] -- Found rosidl_generator_cpp: 3.1.7 (/opt/ros/humble/share/rosidl_generator_cpp/cmake)
[0.617s] -- Using all available rosidl_typesupport_c: rosidl_typesupport_fastrtps_c;rosidl_typesupport_introspection_c
[0.640s] -- Using all available rosidl_typesupport_cpp: rosidl_typesupport_fastrtps_cpp;rosidl_typesupport_introspection_cpp
[0.699s] -- Found rmw_implementation_cmake: 6.1.2 (/opt/ros/humble/share/rmw_implementation_cmake/cmake)
[0.702s] -- Found rmw_fastrtps_cpp: 6.2.9 (/opt/ros/humble/share/rmw_fastrtps_cpp/cmake)
[0.788s] -- Found OpenSSL: /usr/lib/x86_64-linux-gnu/libcrypto.so (found version "3.0.2")
[0.821s] -- Found FastRTPS: /opt/ros/humble/include
[0.872s] -- Using RMW implementation 'rmw_fastrtps_cpp' as default
[0.882s] -- Performing Test CMAKE_HAVE_LIBC_PTHREAD
[0.940s] -- Performing Test CMAKE_HAVE_LIBC_PTHREAD - Success
[0.941s] -- Found Threads: TRUE
[1.016s] -- Found sensor_msgs: 4.9.0 (/opt/ros/humble/share/sensor_msgs/cmake)
[1.094s] -- Found nav_msgs: 4.9.0 (/opt/ros/humble/share/nav_msgs/cmake)
[1.141s] -- Found std_srvs: 4.9.0 (/opt/ros/humble/share/std_srvs/cmake)
[1.160s] -- Found tf2: 0.25.16 (/opt/ros/humble/share/tf2/cmake)
[1.184s] -- Found tf2_ros: 0.25.16 (/opt/ros/humble/share/tf2_ros/cmake)
[1.356s] -- Found ament_lint_auto: 0.12.14 (/opt/ros/humble/share/ament_lint_auto/cmake)
[1.445s] -- Added test 'cppcheck' to perform static code analysis on C / C++ code
[1.446s] -- Configured cppcheck include dirs: 
[1.446s] -- Configured cppcheck exclude dirs and/or files: 
[1.446s] -- Added test 'flake8' to check Python code syntax and style conventions
[1.447s] -- Added test 'lint_cmake' to check CMake code style
[1.448s] -- Added test 'pep257' to check Python code against some of the docstring style conventions in PEP 257
[1.450s] -- Added test 'uncrustify' to check C / C++ code style
[1.450s] -- Configured uncrustify additional arguments: 
[1.451s] -- Added test 'xmllint' to check XML markup files
[1.453s] -- Configuring done (1.4s)
[1.480s] -- Generating done (0.0s)
[1.488s] -- Build files have been written to: /home/faraz/robotic/build/robot_description
[1.499s] Invoked command in '/home/faraz/robotic/build/robot_description' returned '0': CMAKE_PREFIX_PATH=${CMAKE_PREFIX_PATH}:/home/faraz/robotic/install/robot_estimation:/opt/ros/humble /usr/local/bin/cmake /home/faraz/robotic/src/robot_description -DAMENT_CMAKE_SYMLINK_INSTALL=1 -DCMAKE_INSTALL_PREFIX=/home/faraz/robotic/install/robot_description
[1.501s] Invoking command in '/home/faraz/robotic/build/robot_description': CMAKE_PREFIX_PATH=${CMAKE_PREFIX_PATH}:/home/faraz/robotic/install/robot_estimation:/opt/ros/humble /usr/local/bin/cmake --build /home/faraz/robotic/build/robot_description -- -j8 -l8
[1.521s] [ 12%] [32mBuilding CXX object CMakeFiles/frame_id_converter_node.dir/scripts/frame_id_converter.cpp.o[0m
[1.521s] [ 25%] [32mBuilding CXX object CMakeFiles/motor_command_node.dir/scripts/motor_command.cpp.o[0m
[1.521s] [ 37%] [32mBuilding CXX object CMakeFiles/ekf_diff_imu_node.dir/scripts/ekf_diff_imu.cpp.o[0m
[1.521s] [ 50%] [32mBuilding CXX object CMakeFiles/lidar_scan_republisher.dir/scripts/lidar_scan_publisher.cpp.o[0m
[11.537s] [ 62%] [32m[1mLinking CXX executable lidar_scan_republisher[0m
[11.772s] [ 75%] [32m[1mLinking CXX executable motor_command_node[0m
[11.792s] [ 87%] [32m[1mLinking CXX executable frame_id_converter_node[0m
[12.157s] [ 87%] Built target lidar_scan_republisher
[12.328s] [ 87%] Built target motor_command_node
[12.366s] [ 87%] Built target frame_id_converter_node
[17.270s] [100%] [32m[1mLinking CXX executable ekf_diff_imu_node[0m
[18.009s] [100%] Built target ekf_diff_imu_node
[18.016s] Invoked command in '/home/faraz/robotic/build/robot_description' returned '0': CMAKE_PREFIX_PATH=${CMAKE_PREFIX_PATH}:/home/faraz/robotic/install/robot_estimation:/opt/ros/humble /usr/local/bin/cmake --build /home/faraz/robotic/build/robot_description -- -j8 -l8
[18.020s] Invoking command in '/home/faraz/robotic/build/robot_description': CMAKE_PREFIX_PATH=${CMAKE_PREFIX_PATH}:/home/faraz/robotic/install/robot_estimation:/opt/ros/humble /usr/local/bin/cmake --install /home/faraz/robotic/build/robot_description
[18.021s] -- Install configuration: ""
[18.022s] -- Execute custom install script
[18.023s] -- Symlinking: /home/faraz/robotic/install/robot_description/share/robot_description/src/description/robot.urdf
[18.025s] -- Symlinking: /home/faraz/robotic/install/robot_description/share/robot_description/src/meshes/zed.STL
[18.027s] -- Symlinking: /home/faraz/robotic/install/robot_description/share/robot_description/launch/display.launch.py
[18.030s] -- Symlinking: /home/faraz/robotic/install/robot_description/share/robot_description/launch/gazebo.launch.py
[18.032s] -- Symlinking: /home/faraz/robotic/install/robot_description/share/robot_description/rviz/config.rviz
[18.035s] -- Symlinking: /home/faraz/robotic/install/robot_description/share/robot_description/config/gz_bridge.yaml
[18.037s] -- Symlinking: /home/faraz/robotic/install/robot_description/share/robot_description/config/rviz.config.rviz
[18.039s] -- Symlinking: /home/faraz/robotic/install/robot_description/share/robot_description/world/depot.sdf
[18.041s] -- Symlinking: /home/faraz/robotic/install/robot_description/share/robot_description/world/test.sdf
[18.044s] -- Symlinking: /home/faraz/robotic/install/robot_description/share/robot_description/scripts/ekf_diff_imu.cpp
[18.046s] -- Symlinking: /home/faraz/robotic/install/robot_description/share/robot_description/scripts/frame_id_converter.cpp
[18.048s] -- Symlinking: /home/faraz/robotic/install/robot_description/share/robot_description/scripts/lidar_scan_publisher.cpp
[18.051s] -- Symlinking: /home/faraz/robotic/install/robot_description/share/robot_description/scripts/motor_command.cpp
[18.053s] -- Symlinking: /home/faraz/robotic/install/robot_description/lib/robot_description/frame_id_converter_node
[18.055s] -- Symlinking: /home/faraz/robotic/install/robot_description/lib/robot_description/ekf_diff_imu_node
[18.058s] -- Symlinking: /home/faraz/robotic/install/robot_description/lib/robot_description/motor_command_node
[18.060s] -- Symlinking: /home/faraz/robotic/install/robot_description/lib/robot_description/lidar_scan_republisher
[18.062s] -- Symlinking: /home/faraz/robotic/install/robot_description/share/ament_index/resource_index/package_run_dependencies/robot_description
[18.065s] -- Symlinking: /home/faraz/robotic/install/robot_description/share/ament_index/resource_index/parent_prefix_path/robot_description
[18.067s] -- Symlinking: /home/faraz/robotic/install/robot_description/share/robot_description/environment/ament_prefix_path.sh
[18.070s] -- Symlinking: /home/faraz/robotic/install/robot_description/share/robot_description/environment/ament_prefix_path.dsv
[18.072s] -- Symlinking: /home/faraz/robotic/install/robot_description/share/robot_description/environment/path.sh
[18.074s] -- Symlinking: /home/faraz/robotic/install/robot_description/share/robot_description/environment/path.dsv
[18.076s] -- Symlinking: /home/faraz/robotic/install/robot_description/share/robot_description/local_setup.bash
[18.079s] -- Symlinking: /home/faraz/robotic/install/robot_description/share/robot_description/local_setup.sh
[18.081s] -- Symlinking: /home/faraz/robotic/install/robot_description/share/robot_description/local_setup.zsh
[18.084s] -- Symlinking: /home/faraz/robotic/install/robot_description/share/robot_description/local_setup.dsv
[18.086s] -- Symlinking: /home/faraz/robotic/install/robot_description/share/robot_description/package.dsv
[18.088s] -- Symlinking: /home/faraz/robotic/install/robot_description/share/ament_index/resource_index/packages/robot_description
[18.091s] -- Symlinking: /home/faraz/robotic/install/robot_description/share/robot_description/cmake/robot_descriptionConfig.cmake
[18.093s] -- Symlinking: /home/faraz/robotic/install/robot_description/share/robot_description/cmake/robot_descriptionConfig-version.cmake
[18.095s] -- Symlinking: /home/faraz/robotic/install/robot_description/share/robot_description/package.xml
[18.099s] Invoked command in '/home/faraz/robotic/build/robot_description' returned '0': CMAKE_PREFIX_PATH=${CMAKE_PREFIX_PATH}:/home/faraz/robotic/install/robot_estimation:/opt/ros/humble /usr/local/bin/cmake --install /home/faraz/robotic/build/robot_description
