[0.653s] Invoking command in '/home/faraz/robotic/build/robot_estimation': PYTHONPATH=/home/faraz/robotic/build/robot_estimation/prefix_override:/usr/lib/python3/dist-packages/colcon_core/task/python/colcon_distutils_commands:/home/faraz/robotic/install/robot_estimation/lib/python3.10/site-packages:${PYTHONPATH} /usr/bin/python3 -W ignore:setup.py install is deprecated -W ignore:easy_install command is deprecated setup.py develop --editable --build-directory /home/faraz/robotic/build/robot_estimation/build --no-deps symlink_data
[0.948s] running develop
[1.194s] running egg_info
[1.194s] creating robot_estimation.egg-info
[1.194s] writing robot_estimation.egg-info/PKG-INFO
[1.195s] writing dependency_links to robot_estimation.egg-info/dependency_links.txt
[1.196s] writing entry points to robot_estimation.egg-info/entry_points.txt
[1.196s] writing requirements to robot_estimation.egg-info/requires.txt
[1.197s] writing top-level names to robot_estimation.egg-info/top_level.txt
[1.197s] writing manifest file 'robot_estimation.egg-info/SOURCES.txt'
[1.199s] reading manifest file 'robot_estimation.egg-info/SOURCES.txt'
[1.200s] writing manifest file 'robot_estimation.egg-info/SOURCES.txt'
[1.201s] running build_ext
[1.202s] Creating /home/faraz/robotic/install/robot_estimation/lib/python3.10/site-packages/robot-estimation.egg-link (link to .)
[1.203s] Installing complementary_filter_node script to /home/faraz/robotic/install/robot_estimation/lib/robot_estimation
[1.203s] Installing imu_filter_node script to /home/faraz/robotic/install/robot_estimation/lib/robot_estimation
[1.203s] Installing motor_controller_node script to /home/faraz/robotic/install/robot_estimation/lib/robot_estimation
[1.203s] Installing odometry_node script to /home/faraz/robotic/install/robot_estimation/lib/robot_estimation
[1.203s] 
[1.204s] Installed /home/faraz/robotic/build/robot_estimation
[1.204s] running symlink_data
[1.204s] creating /home/faraz/robotic/install/robot_estimation/share/ament_index
[1.204s] creating /home/faraz/robotic/install/robot_estimation/share/ament_index/resource_index
[1.204s] creating /home/faraz/robotic/install/robot_estimation/share/ament_index/resource_index/packages
[1.204s] symbolically linking /home/faraz/robotic/build/robot_estimation/resource/robot_estimation -> /home/faraz/robotic/install/robot_estimation/share/ament_index/resource_index/packages
[1.204s] symbolically linking /home/faraz/robotic/build/robot_estimation/package.xml -> /home/faraz/robotic/install/robot_estimation/share/robot_estimation
[1.205s] creating /home/faraz/robotic/install/robot_estimation/share/robot_estimation/launch
[1.205s] symbolically linking /home/faraz/robotic/build/robot_estimation/launch/estimator.launch.py -> /home/faraz/robotic/install/robot_estimation/share/robot_estimation/launch
[1.257s] Invoked command in '/home/faraz/robotic/build/robot_estimation' returned '0': PYTHONPATH=/home/faraz/robotic/build/robot_estimation/prefix_override:/usr/lib/python3/dist-packages/colcon_core/task/python/colcon_distutils_commands:/home/faraz/robotic/install/robot_estimation/lib/python3.10/site-packages:${PYTHONPATH} /usr/bin/python3 -W ignore:setup.py install is deprecated -W ignore:easy_install command is deprecated setup.py develop --editable --build-directory /home/faraz/robotic/build/robot_estimation/build --no-deps symlink_data
