[0.590s] Invoking command in '/home/faraz/robotic/build/robot_estimation': PYTHONPATH=/home/faraz/robotic/build/robot_estimation/prefix_override:/usr/lib/python3/dist-packages/colcon_core/task/python/colcon_distutils_commands:/home/faraz/robotic/install/robot_estimation/lib/python3.10/site-packages:${PYTHONPATH} /usr/bin/python3 -W ignore:setup.py install is deprecated -W ignore:easy_install command is deprecated setup.py develop --editable --build-directory /home/faraz/robotic/build/robot_estimation/build --no-deps symlink_data
[0.834s] running develop
[0.990s] running egg_info
[0.990s] writing robot_estimation.egg-info/PKG-INFO
[0.990s] writing dependency_links to robot_estimation.egg-info/dependency_links.txt
[0.990s] writing entry points to robot_estimation.egg-info/entry_points.txt
[0.990s] writing requirements to robot_estimation.egg-info/requires.txt
[0.991s] writing top-level names to robot_estimation.egg-info/top_level.txt
[0.992s] reading manifest file 'robot_estimation.egg-info/SOURCES.txt'
[0.993s] writing manifest file 'robot_estimation.egg-info/SOURCES.txt'
[0.994s] running build_ext
[0.994s] Creating /home/faraz/robotic/install/robot_estimation/lib/python3.10/site-packages/robot-estimation.egg-link (link to .)
[0.995s] Installing complementary_filter_node script to /home/faraz/robotic/install/robot_estimation/lib/robot_estimation
[0.995s] Installing imu_filter_node script to /home/faraz/robotic/install/robot_estimation/lib/robot_estimation
[0.995s] Installing motor_controller_node script to /home/faraz/robotic/install/robot_estimation/lib/robot_estimation
[0.995s] Installing odometry_node script to /home/faraz/robotic/install/robot_estimation/lib/robot_estimation
[0.996s] 
[0.996s] Installed /home/faraz/robotic/build/robot_estimation
[0.996s] running symlink_data
[1.020s] Invoked command in '/home/faraz/robotic/build/robot_estimation' returned '0': PYTHONPATH=/home/faraz/robotic/build/robot_estimation/prefix_override:/usr/lib/python3/dist-packages/colcon_core/task/python/colcon_distutils_commands:/home/faraz/robotic/install/robot_estimation/lib/python3.10/site-packages:${PYTHONPATH} /usr/bin/python3 -W ignore:setup.py install is deprecated -W ignore:easy_install command is deprecated setup.py develop --editable --build-directory /home/faraz/robotic/build/robot_estimation/build --no-deps symlink_data
