[0.015s] Invoking command in '/home/faraz/robotic/build/robot_description': CMAKE_PREFIX_PATH=${CMAKE_PREFIX_PATH}:/home/faraz/robotic/install/robot_estimation:/opt/ros/humble /usr/local/bin/cmake --build /home/faraz/robotic/build/robot_description -- -j8 -l8
[0.047s] [ 25%] Built target lidar_scan_republisher
[0.053s] [ 50%] Built target frame_id_converter_node
[0.053s] [ 75%] Built target motor_command_node
[0.056s] [100%] Built target ekf_diff_imu_node
[0.273s] Invoked command in '/home/faraz/robotic/build/robot_description' returned '0': CMAKE_PREFIX_PATH=${CMAKE_PREFIX_PATH}:/home/faraz/robotic/install/robot_estimation:/opt/ros/humble /usr/local/bin/cmake --build /home/faraz/robotic/build/robot_description -- -j8 -l8
[0.278s] Invoking command in '/home/faraz/robotic/build/robot_description': CMAKE_PREFIX_PATH=${CMAKE_PREFIX_PATH}:/home/faraz/robotic/install/robot_estimation:/opt/ros/humble /usr/local/bin/cmake --install /home/faraz/robotic/build/robot_description
[0.279s] -- Install configuration: ""
[0.280s] -- Execute custom install script
[0.280s] -- Up-to-date symlink: /home/faraz/robotic/install/robot_description/share/robot_description/src/description/robot.urdf
[0.280s] -- Up-to-date symlink: /home/faraz/robotic/install/robot_description/share/robot_description/src/meshes/zed.STL
[0.280s] -- Up-to-date symlink: /home/faraz/robotic/install/robot_description/share/robot_description/launch/display.launch.py
[0.280s] -- Up-to-date symlink: /home/faraz/robotic/install/robot_description/share/robot_description/launch/gazebo.launch.py
[0.281s] -- Up-to-date symlink: /home/faraz/robotic/install/robot_description/share/robot_description/rviz/config.rviz
[0.281s] -- Up-to-date symlink: /home/faraz/robotic/install/robot_description/share/robot_description/config/gz_bridge.yaml
[0.281s] -- Up-to-date symlink: /home/faraz/robotic/install/robot_description/share/robot_description/config/rviz.config.rviz
[0.281s] -- Up-to-date symlink: /home/faraz/robotic/install/robot_description/share/robot_description/world/depot.sdf
[0.281s] -- Up-to-date symlink: /home/faraz/robotic/install/robot_description/share/robot_description/world/test.sdf
[0.281s] -- Up-to-date symlink: /home/faraz/robotic/install/robot_description/share/robot_description/scripts/ekf_diff_imu.cpp
[0.282s] -- Up-to-date symlink: /home/faraz/robotic/install/robot_description/share/robot_description/scripts/frame_id_converter.cpp
[0.282s] -- Up-to-date symlink: /home/faraz/robotic/install/robot_description/share/robot_description/scripts/lidar_scan_publisher.cpp
[0.282s] -- Up-to-date symlink: /home/faraz/robotic/install/robot_description/share/robot_description/scripts/motor_command.cpp
[0.282s] -- Up-to-date symlink: /home/faraz/robotic/install/robot_description/lib/robot_description/frame_id_converter_node
[0.282s] -- Up-to-date symlink: /home/faraz/robotic/install/robot_description/lib/robot_description/ekf_diff_imu_node
[0.283s] -- Up-to-date symlink: /home/faraz/robotic/install/robot_description/lib/robot_description/motor_command_node
[0.283s] -- Up-to-date symlink: /home/faraz/robotic/install/robot_description/lib/robot_description/lidar_scan_republisher
[0.283s] -- Up-to-date symlink: /home/faraz/robotic/install/robot_description/share/ament_index/resource_index/package_run_dependencies/robot_description
[0.283s] -- Up-to-date symlink: /home/faraz/robotic/install/robot_description/share/ament_index/resource_index/parent_prefix_path/robot_description
[0.283s] -- Up-to-date symlink: /home/faraz/robotic/install/robot_description/share/robot_description/environment/ament_prefix_path.sh
[0.283s] -- Up-to-date symlink: /home/faraz/robotic/install/robot_description/share/robot_description/environment/ament_prefix_path.dsv
[0.284s] -- Up-to-date symlink: /home/faraz/robotic/install/robot_description/share/robot_description/environment/path.sh
[0.284s] -- Up-to-date symlink: /home/faraz/robotic/install/robot_description/share/robot_description/environment/path.dsv
[0.284s] -- Up-to-date symlink: /home/faraz/robotic/install/robot_description/share/robot_description/local_setup.bash
[0.284s] -- Up-to-date symlink: /home/faraz/robotic/install/robot_description/share/robot_description/local_setup.sh
[0.284s] -- Up-to-date symlink: /home/faraz/robotic/install/robot_description/share/robot_description/local_setup.zsh
[0.284s] -- Up-to-date symlink: /home/faraz/robotic/install/robot_description/share/robot_description/local_setup.dsv
[0.285s] -- Symlinking: /home/faraz/robotic/install/robot_description/share/robot_description/package.dsv
[0.287s] -- Up-to-date symlink: /home/faraz/robotic/install/robot_description/share/ament_index/resource_index/packages/robot_description
[0.287s] -- Up-to-date symlink: /home/faraz/robotic/install/robot_description/share/robot_description/cmake/robot_descriptionConfig.cmake
[0.287s] -- Up-to-date symlink: /home/faraz/robotic/install/robot_description/share/robot_description/cmake/robot_descriptionConfig-version.cmake
[0.288s] -- Up-to-date symlink: /home/faraz/robotic/install/robot_description/share/robot_description/package.xml
[0.289s] Invoked command in '/home/faraz/robotic/build/robot_description' returned '0': CMAKE_PREFIX_PATH=${CMAKE_PREFIX_PATH}:/home/faraz/robotic/install/robot_estimation:/opt/ros/humble /usr/local/bin/cmake --install /home/faraz/robotic/build/robot_description
