[0.016s] Invoking command in '/home/faraz/robotic/build/robot_description': CMAKE_PREFIX_PATH=${CMAKE_PREFIX_PATH}:/home/faraz/robotic/install/robot_estimation:/opt/ros/humble /usr/local/bin/cmake --build /home/faraz/robotic/build/robot_description -- -j8 -l8
[0.031s] -- Found ament_cmake: 1.3.12 (/opt/ros/humble/share/ament_cmake/cmake)
[0.217s] -- Override CMake install command with custom implementation using symlinks instead of copying resources
[0.225s] -- Found rclcpp: 16.0.15 (/opt/ros/humble/share/rclcpp/cmake)
[0.262s] -- Found rosidl_generator_c: 3.1.7 (/opt/ros/humble/share/rosidl_generator_c/cmake)
[0.266s] -- Found rosidl_adapter: 3.1.7 (/opt/ros/humble/share/rosidl_adapter/cmake)
[0.274s] -- Found rosidl_generator_cpp: 3.1.7 (/opt/ros/humble/share/rosidl_generator_cpp/cmake)
[0.287s] -- Using all available rosidl_typesupport_c: rosidl_typesupport_fastrtps_c;rosidl_typesupport_introspection_c
[0.303s] -- Using all available rosidl_typesupport_cpp: rosidl_typesupport_fastrtps_cpp;rosidl_typesupport_introspection_cpp
[0.364s] -- Found rmw_implementation_cmake: 6.1.2 (/opt/ros/humble/share/rmw_implementation_cmake/cmake)
[0.365s] -- Found rmw_fastrtps_cpp: 6.2.9 (/opt/ros/humble/share/rmw_fastrtps_cpp/cmake)
[0.491s] -- Using RMW implementation 'rmw_fastrtps_cpp' as default
[0.564s] -- Found sensor_msgs: 4.9.0 (/opt/ros/humble/share/sensor_msgs/cmake)
[0.612s] -- Found nav_msgs: 4.9.0 (/opt/ros/humble/share/nav_msgs/cmake)
[0.640s] -- Found std_srvs: 4.9.0 (/opt/ros/humble/share/std_srvs/cmake)
[0.652s] -- Found tf2: 0.25.16 (/opt/ros/humble/share/tf2/cmake)
[0.657s] -- Found tf2_ros: 0.25.16 (/opt/ros/humble/share/tf2_ros/cmake)
[0.774s] -- Found ament_lint_auto: 0.12.14 (/opt/ros/humble/share/ament_lint_auto/cmake)
[0.845s] -- Added test 'cppcheck' to perform static code analysis on C / C++ code
[0.845s] -- Configured cppcheck include dirs: 
[0.846s] -- Configured cppcheck exclude dirs and/or files: 
[0.846s] -- Added test 'flake8' to check Python code syntax and style conventions
[0.847s] -- Added test 'lint_cmake' to check CMake code style
[0.847s] -- Added test 'pep257' to check Python code against some of the docstring style conventions in PEP 257
[0.849s] -- Added test 'uncrustify' to check C / C++ code style
[0.849s] -- Configured uncrustify additional arguments: 
[0.849s] -- Added test 'xmllint' to check XML markup files
[0.851s] -- Configuring done (0.8s)
[0.873s] -- Generating done (0.0s)
[0.881s] -- Build files have been written to: /home/faraz/robotic/build/robot_description
[0.909s] [ 33%] Built target frame_id_converter_node
[0.909s] [ 66%] Built target motor_command_node
[0.913s] [100%] Built target ekf_diff_imu_node
[0.917s] Invoked command in '/home/faraz/robotic/build/robot_description' returned '0': CMAKE_PREFIX_PATH=${CMAKE_PREFIX_PATH}:/home/faraz/robotic/install/robot_estimation:/opt/ros/humble /usr/local/bin/cmake --build /home/faraz/robotic/build/robot_description -- -j8 -l8
[0.921s] Invoking command in '/home/faraz/robotic/build/robot_description': CMAKE_PREFIX_PATH=${CMAKE_PREFIX_PATH}:/home/faraz/robotic/install/robot_estimation:/opt/ros/humble /usr/local/bin/cmake --install /home/faraz/robotic/build/robot_description
[0.922s] -- Install configuration: ""
[0.923s] -- Execute custom install script
[0.923s] -- Up-to-date symlink: /home/faraz/robotic/install/robot_description/share/robot_description/src/description/robot.urdf
[0.924s] -- Up-to-date symlink: /home/faraz/robotic/install/robot_description/share/robot_description/src/meshes/zed.STL
[0.924s] -- Up-to-date symlink: /home/faraz/robotic/install/robot_description/share/robot_description/launch/display.launch.py
[0.924s] -- Up-to-date symlink: /home/faraz/robotic/install/robot_description/share/robot_description/launch/gazebo.launch.py
[0.924s] -- Up-to-date symlink: /home/faraz/robotic/install/robot_description/share/robot_description/rviz/config.rviz
[0.925s] -- Up-to-date symlink: /home/faraz/robotic/install/robot_description/share/robot_description/config/gz_bridge.yaml
[0.925s] -- Up-to-date symlink: /home/faraz/robotic/install/robot_description/share/robot_description/config/rviz.config.rviz
[0.925s] -- Up-to-date symlink: /home/faraz/robotic/install/robot_description/share/robot_description/world/depot.sdf
[0.925s] -- Up-to-date symlink: /home/faraz/robotic/install/robot_description/share/robot_description/world/test.sdf
[0.926s] -- Up-to-date symlink: /home/faraz/robotic/install/robot_description/share/robot_description/scripts/ekf_diff_imu.cpp
[0.926s] -- Up-to-date symlink: /home/faraz/robotic/install/robot_description/share/robot_description/scripts/frame_id_converter.cpp
[0.926s] -- Up-to-date symlink: /home/faraz/robotic/install/robot_description/share/robot_description/scripts/motor_command.cpp
[0.926s] -- Up-to-date symlink: /home/faraz/robotic/install/robot_description/lib/robot_description/frame_id_converter_node
[0.927s] -- Up-to-date symlink: /home/faraz/robotic/install/robot_description/lib/robot_description/ekf_diff_imu_node
[0.927s] -- Up-to-date symlink: /home/faraz/robotic/install/robot_description/lib/robot_description/motor_command_node
[0.927s] -- Up-to-date symlink: /home/faraz/robotic/install/robot_description/share/ament_index/resource_index/package_run_dependencies/robot_description
[0.927s] -- Up-to-date symlink: /home/faraz/robotic/install/robot_description/share/ament_index/resource_index/parent_prefix_path/robot_description
[0.927s] -- Up-to-date symlink: /home/faraz/robotic/install/robot_description/share/robot_description/environment/ament_prefix_path.sh
[0.928s] -- Up-to-date symlink: /home/faraz/robotic/install/robot_description/share/robot_description/environment/ament_prefix_path.dsv
[0.928s] -- Up-to-date symlink: /home/faraz/robotic/install/robot_description/share/robot_description/environment/path.sh
[0.928s] -- Up-to-date symlink: /home/faraz/robotic/install/robot_description/share/robot_description/environment/path.dsv
[0.928s] -- Up-to-date symlink: /home/faraz/robotic/install/robot_description/share/robot_description/local_setup.bash
[0.928s] -- Up-to-date symlink: /home/faraz/robotic/install/robot_description/share/robot_description/local_setup.sh
[0.929s] -- Up-to-date symlink: /home/faraz/robotic/install/robot_description/share/robot_description/local_setup.zsh
[0.929s] -- Up-to-date symlink: /home/faraz/robotic/install/robot_description/share/robot_description/local_setup.dsv
[0.929s] -- Symlinking: /home/faraz/robotic/install/robot_description/share/robot_description/package.dsv
[0.932s] -- Up-to-date symlink: /home/faraz/robotic/install/robot_description/share/ament_index/resource_index/packages/robot_description
[0.932s] -- Up-to-date symlink: /home/faraz/robotic/install/robot_description/share/robot_description/cmake/robot_descriptionConfig.cmake
[0.932s] -- Up-to-date symlink: /home/faraz/robotic/install/robot_description/share/robot_description/cmake/robot_descriptionConfig-version.cmake
[0.933s] -- Up-to-date symlink: /home/faraz/robotic/install/robot_description/share/robot_description/package.xml
[0.934s] Invoked command in '/home/faraz/robotic/build/robot_description' returned '0': CMAKE_PREFIX_PATH=${CMAKE_PREFIX_PATH}:/home/faraz/robotic/install/robot_estimation:/opt/ros/humble /usr/local/bin/cmake --install /home/faraz/robotic/build/robot_description
