[0.014s] Invoking command in '/home/faraz/robotic/build/robot_description': CMAKE_PREFIX_PATH=${CMAKE_PREFIX_PATH}:/home/faraz/robotic/install/robot_estimation:/opt/ros/humble /usr/local/bin/cmake /home/faraz/robotic/robotic_course/robot_description -DAMENT_CMAKE_SYMLINK_INSTALL=1 -DCMAKE_INSTALL_PREFIX=/home/faraz/robotic/install/robot_description
[0.069s] -- The C compiler identification is GNU 11.4.0
[0.129s] -- The CXX compiler identification is GNU 11.4.0
[0.141s] -- Detecting C compiler ABI info
[0.194s] -- Detecting C compiler ABI info - done
[0.212s] -- Check for working C compiler: /usr/bin/cc - skipped
[0.212s] -- Detecting C compile features
[0.213s] -- Detecting C compile features - done
[0.218s] -- Detecting CXX compiler ABI info
[0.287s] -- Detecting CXX compiler ABI info - done
[0.319s] -- Check for working CXX compiler: /usr/bin/c++ - skipped
[0.319s] -- Detecting CXX compile features
[0.320s] -- Detecting CXX compile features - done
[0.324s] -- Found ament_cmake: 1.3.12 (/opt/ros/humble/share/ament_cmake/cmake)
[0.475s] -- Found Python3: /usr/bin/python3 (found version "3.10.12") found components: Interpreter
[0.547s] -- Override CMake install command with custom implementation using symlinks instead of copying resources
[0.590s] -- Found rclcpp: 16.0.15 (/opt/ros/humble/share/rclcpp/cmake)
[0.659s] -- Found rosidl_generator_c: 3.1.7 (/opt/ros/humble/share/rosidl_generator_c/cmake)
[0.668s] -- Found rosidl_adapter: 3.1.7 (/opt/ros/humble/share/rosidl_adapter/cmake)
[0.681s] -- Found rosidl_generator_cpp: 3.1.7 (/opt/ros/humble/share/rosidl_generator_cpp/cmake)
[0.701s] -- Using all available rosidl_typesupport_c: rosidl_typesupport_fastrtps_c;rosidl_typesupport_introspection_c
[0.727s] -- Using all available rosidl_typesupport_cpp: rosidl_typesupport_fastrtps_cpp;rosidl_typesupport_introspection_cpp
[0.801s] -- Found rmw_implementation_cmake: 6.1.2 (/opt/ros/humble/share/rmw_implementation_cmake/cmake)
[0.805s] -- Found rmw_fastrtps_cpp: 6.2.9 (/opt/ros/humble/share/rmw_fastrtps_cpp/cmake)
[0.911s] -- Found OpenSSL: /usr/lib/x86_64-linux-gnu/libcrypto.so (found version "3.0.2")
[0.959s] -- Found FastRTPS: /opt/ros/humble/include
[1.024s] -- Using RMW implementation 'rmw_fastrtps_cpp' as default
[1.042s] -- Performing Test CMAKE_HAVE_LIBC_PTHREAD
[1.122s] -- Performing Test CMAKE_HAVE_LIBC_PTHREAD - Success
[1.124s] -- Found Threads: TRUE
[1.285s] -- Found sensor_msgs: 4.9.0 (/opt/ros/humble/share/sensor_msgs/cmake)
[1.359s] -- Found nav_msgs: 4.9.0 (/opt/ros/humble/share/nav_msgs/cmake)
[1.401s] -- Found std_srvs: 4.9.0 (/opt/ros/humble/share/std_srvs/cmake)
[1.420s] -- Found tf2: 0.25.16 (/opt/ros/humble/share/tf2/cmake)
[1.444s] -- Found tf2_ros: 0.25.16 (/opt/ros/humble/share/tf2_ros/cmake)
[1.625s] -- Found ament_lint_auto: 0.12.14 (/opt/ros/humble/share/ament_lint_auto/cmake)
[1.713s] -- Added test 'cppcheck' to perform static code analysis on C / C++ code
[1.713s] -- Configured cppcheck include dirs: 
[1.713s] -- Configured cppcheck exclude dirs and/or files: 
[1.714s] -- Added test 'flake8' to check Python code syntax and style conventions
[1.715s] -- Added test 'lint_cmake' to check CMake code style
[1.716s] -- Added test 'pep257' to check Python code against some of the docstring style conventions in PEP 257
[1.718s] -- Added test 'uncrustify' to check C / C++ code style
[1.718s] -- Configured uncrustify additional arguments: 
[1.719s] -- Added test 'xmllint' to check XML markup files
[1.721s] -- Configuring done (1.7s)
[1.747s] -- Generating done (0.0s)
[1.755s] -- Build files have been written to: /home/faraz/robotic/build/robot_description
[1.766s] Invoked command in '/home/faraz/robotic/build/robot_description' returned '0': CMAKE_PREFIX_PATH=${CMAKE_PREFIX_PATH}:/home/faraz/robotic/install/robot_estimation:/opt/ros/humble /usr/local/bin/cmake /home/faraz/robotic/robotic_course/robot_description -DAMENT_CMAKE_SYMLINK_INSTALL=1 -DCMAKE_INSTALL_PREFIX=/home/faraz/robotic/install/robot_description
[1.768s] Invoking command in '/home/faraz/robotic/build/robot_description': CMAKE_PREFIX_PATH=${CMAKE_PREFIX_PATH}:/home/faraz/robotic/install/robot_estimation:/opt/ros/humble /usr/local/bin/cmake --build /home/faraz/robotic/build/robot_description -- -j8 -l8
[1.788s] [ 12%] [32mBuilding CXX object CMakeFiles/frame_id_converter_node.dir/scripts/frame_id_converter.cpp.o[0m
[1.788s] [ 25%] [32mBuilding CXX object CMakeFiles/motor_command_node.dir/scripts/motor_command.cpp.o[0m
[1.788s] [ 37%] [32mBuilding CXX object CMakeFiles/ekf_diff_imu_node.dir/scripts/ekf_diff_imu.cpp.o[0m
[1.789s] [ 50%] [32mBuilding CXX object CMakeFiles/lidar_scan_republisher.dir/scripts/lidar_scan_publisher.cpp.o[0m
[11.965s] [ 62%] [32m[1mLinking CXX executable lidar_scan_republisher[0m
[12.040s] [ 75%] [32m[1mLinking CXX executable frame_id_converter_node[0m
[12.077s] [ 87%] [32m[1mLinking CXX executable motor_command_node[0m
[12.635s] [ 87%] Built target lidar_scan_republisher
[12.734s] [ 87%] Built target frame_id_converter_node
[12.734s] [ 87%] Built target motor_command_node
[17.669s] [100%] [32m[1mLinking CXX executable ekf_diff_imu_node[0m
[18.394s] [100%] Built target ekf_diff_imu_node
[18.401s] Invoked command in '/home/faraz/robotic/build/robot_description' returned '0': CMAKE_PREFIX_PATH=${CMAKE_PREFIX_PATH}:/home/faraz/robotic/install/robot_estimation:/opt/ros/humble /usr/local/bin/cmake --build /home/faraz/robotic/build/robot_description -- -j8 -l8
[18.405s] Invoking command in '/home/faraz/robotic/build/robot_description': CMAKE_PREFIX_PATH=${CMAKE_PREFIX_PATH}:/home/faraz/robotic/install/robot_estimation:/opt/ros/humble /usr/local/bin/cmake --install /home/faraz/robotic/build/robot_description
[18.406s] -- Install configuration: ""
[18.407s] -- Execute custom install script
[18.408s] -- Symlinking: /home/faraz/robotic/install/robot_description/share/robot_description/src/description/robot.urdf
[18.410s] -- Symlinking: /home/faraz/robotic/install/robot_description/share/robot_description/src/meshes/zed.STL
[18.413s] -- Symlinking: /home/faraz/robotic/install/robot_description/share/robot_description/launch/display.launch.py
[18.415s] -- Symlinking: /home/faraz/robotic/install/robot_description/share/robot_description/launch/gazebo.launch.py
[18.417s] -- Symlinking: /home/faraz/robotic/install/robot_description/share/robot_description/rviz/config.rviz
[18.420s] -- Symlinking: /home/faraz/robotic/install/robot_description/share/robot_description/config/gz_bridge.yaml
[18.422s] -- Symlinking: /home/faraz/robotic/install/robot_description/share/robot_description/config/rviz.config.rviz
[18.424s] -- Symlinking: /home/faraz/robotic/install/robot_description/share/robot_description/world/depot.sdf
[18.426s] -- Symlinking: /home/faraz/robotic/install/robot_description/share/robot_description/world/test.sdf
[18.428s] -- Symlinking: /home/faraz/robotic/install/robot_description/share/robot_description/scripts/ekf_diff_imu.cpp
[18.430s] -- Symlinking: /home/faraz/robotic/install/robot_description/share/robot_description/scripts/frame_id_converter.cpp
[18.432s] -- Symlinking: /home/faraz/robotic/install/robot_description/share/robot_description/scripts/lidar_scan_publisher.cpp
[18.434s] -- Symlinking: /home/faraz/robotic/install/robot_description/share/robot_description/scripts/motor_command.cpp
[18.436s] -- Symlinking: /home/faraz/robotic/install/robot_description/lib/robot_description/frame_id_converter_node
[18.438s] -- Symlinking: /home/faraz/robotic/install/robot_description/lib/robot_description/ekf_diff_imu_node
[18.440s] -- Symlinking: /home/faraz/robotic/install/robot_description/lib/robot_description/motor_command_node
[18.442s] -- Symlinking: /home/faraz/robotic/install/robot_description/lib/robot_description/lidar_scan_republisher
[18.445s] -- Symlinking: /home/faraz/robotic/install/robot_description/share/ament_index/resource_index/package_run_dependencies/robot_description
[18.447s] -- Symlinking: /home/faraz/robotic/install/robot_description/share/ament_index/resource_index/parent_prefix_path/robot_description
[18.449s] -- Symlinking: /home/faraz/robotic/install/robot_description/share/robot_description/environment/ament_prefix_path.sh
[18.451s] -- Symlinking: /home/faraz/robotic/install/robot_description/share/robot_description/environment/ament_prefix_path.dsv
[18.453s] -- Symlinking: /home/faraz/robotic/install/robot_description/share/robot_description/environment/path.sh
[18.456s] -- Symlinking: /home/faraz/robotic/install/robot_description/share/robot_description/environment/path.dsv
[18.458s] -- Symlinking: /home/faraz/robotic/install/robot_description/share/robot_description/local_setup.bash
[18.460s] -- Symlinking: /home/faraz/robotic/install/robot_description/share/robot_description/local_setup.sh
[18.462s] -- Symlinking: /home/faraz/robotic/install/robot_description/share/robot_description/local_setup.zsh
[18.464s] -- Symlinking: /home/faraz/robotic/install/robot_description/share/robot_description/local_setup.dsv
[18.466s] -- Symlinking: /home/faraz/robotic/install/robot_description/share/robot_description/package.dsv
[18.468s] -- Symlinking: /home/faraz/robotic/install/robot_description/share/ament_index/resource_index/packages/robot_description
[18.470s] -- Symlinking: /home/faraz/robotic/install/robot_description/share/robot_description/cmake/robot_descriptionConfig.cmake
[18.472s] -- Symlinking: /home/faraz/robotic/install/robot_description/share/robot_description/cmake/robot_descriptionConfig-version.cmake
[18.474s] -- Symlinking: /home/faraz/robotic/install/robot_description/share/robot_description/package.xml
[18.478s] Invoked command in '/home/faraz/robotic/build/robot_description' returned '0': CMAKE_PREFIX_PATH=${CMAKE_PREFIX_PATH}:/home/faraz/robotic/install/robot_estimation:/opt/ros/humble /usr/local/bin/cmake --install /home/faraz/robotic/build/robot_description
